<?xml version="1.0" encoding="UTF-8"?>
<endpoint name="test-endpoint-02" xmlns="http://ws.apache.org/ns/synapse">
    <http method="get" uri-template="http://tailscale-proxy-2271099802:8080/">
        <suspendOnFailure>
            <initialDuration>-1</initialDuration>
            <progressionFactor>1</progressionFactor>
        </suspendOnFailure>
        <markForSuspension>
            <retriesBeforeSuspension>0</retriesBeforeSuspension>
        </markForSuspension>
    </http>
</endpoint>
